<?xml version="1.0" encoding="UTF-8"?>
<testng-results ignored="0" total="1" passed="1" failed="0" skipped="0">
  <reporter-output>
  </reporter-output>
  <suite started-at="2024-12-13T16:40:21Z" name="Surefire suite" finished-at="2024-12-13T16:40:21Z" duration-ms="29">
    <groups>
    </groups>
    <test started-at="2024-12-13T16:40:21Z" name="Surefire test" finished-at="2024-12-13T16:40:21Z" duration-ms="29">
      <class name="Test">
        <test-method signature="TestExample()[pri:0, instance:Test@517cd4b]" started-at="2024-12-13T16:40:21Z" name="TestExample" finished-at="2024-12-13T16:40:21Z" duration-ms="9" status="PASS">
          <reporter-output>
          </reporter-output>
        </test-method> <!-- TestExample -->
      </class> <!-- Test -->
    </test> <!-- Surefire test -->
  </suite> <!-- Surefire suite -->
</testng-results>
